Build started 2015-12-22 20:47:51.
     1>Project "F:\Dokumenty\Studia\Magisterka\Projekt indywidualny\Projekt\FiniteStateEntropy\Visual\VC2012\FSE\FSE.vcxproj" on node 2 (Rebuild target(s)).
     1>ClCompile:
         C:\Program Files (x86)\Microsoft Visual Studio 12.0\VC\bin\CL.exe /c /ZI /nologo /W4 /WX /Od /Oy- /D CODE_ANALYSIS /D WIN32 /D _DEBUG /D _CONSOLE /D _UNICODE /D UNICODE /Gm /EHsc /RTC1 /MDd /GS /fp:precise /Zc:wchar_t /Zc:forScope /Fo"FSE debug encode\\" /Fd"FSE debug encode\vc120.pdb" /Gd /TC /analyze /analyze:plugin"C:\Program Files (x86)\Microsoft Visual Studio 12.0\VC\\bin\localespc.dll" /errorReport:prompt /analyze:stacksize18000   /analyze:quiet ..\..\..\lib\fse.c ..\..\..\lib\fseU16.c ..\..\..\lib\huff0.c ..\..\..\programs\bench.c ..\..\..\programs\commandline.c ..\..\..\programs\fileio.c ..\..\..\programs\xxhash.c ..\..\..\programs\zlibh.c
         zlibh.c
         xxhash.c
         fileio.c
     1>f:\dokumenty\studia\magisterka\projekt indywidualny\projekt\finitestateentropy\programs\fileio.c(309): error C2220: warning treated as error - no 'object' file generated
     1>f:\dokumenty\studia\magisterka\projekt indywidualny\projekt\finitestateentropy\programs\fileio.c(309): warning C4028: formal parameter 5 different from declaration
         commandline.c
         bench.c
         huff0.c
         fseU16.c
         fse.c
     1>f:\dokumenty\studia\magisterka\projekt indywidualny\projekt\finitestateentropy\lib\fse.c(259): error C2220: warning treated as error - no 'object' file generated
     1>f:\dokumenty\studia\magisterka\projekt indywidualny\projekt\finitestateentropy\lib\fse.c(259): warning C4029: declared formal parameter list different from definition
     1>f:\dokumenty\studia\magisterka\projekt indywidualny\projekt\finitestateentropy\lib\fse.c(1079): warning C4029: declared formal parameter list different from definition
     1>f:\dokumenty\studia\magisterka\projekt indywidualny\projekt\finitestateentropy\lib\fse.c(1128): warning C4028: formal parameter 5 different from declaration
         Running Code Analysis for C/C++...
         Generating Code...
     1>Done Building Project "F:\Dokumenty\Studia\Magisterka\Projekt indywidualny\Projekt\FiniteStateEntropy\Visual\VC2012\FSE\FSE.vcxproj" (Rebuild target(s)) -- FAILED.

Build FAILED.

Time Elapsed 00:00:04.45
